{'encoded_length': 14046,
 'left': 38661,
 'overshoot': 5854,
 'right': 77322,
 'string_len': 143953,
 'width': 38661}
{'encoded_length': 9156,
 'left': 77322,
 'overshoot': 964,
 'right': 115983,
 'string_len': 143953,
 'width': 38661}
{'encoded_length': 11313,
 'left': 33143,
 'overshoot': 3121,
 'right': 66286,
 'string_len': 188018,
 'width': 33143}
{'encoded_length': 15343,
 'left': 66286,
 'overshoot': 7151,
 'right': 99429,
 'string_len': 188018,
 'width': 33143}
{'encoded_length': 10254,
 'left': 99429,
 'overshoot': 2062,
 'right': 132572,
 'string_len': 188018,
 'width': 33143}
{'encoded_length': 9788,
 'left': 132572,
 'overshoot': 1596,
 'right': 165715,
 'string_len': 188018,
 'width': 33143}
{'encoded_length': 8588,
 'left': 32014,
 'overshoot': 396,
 'right': 64028,
 'string_len': 159133,
 'width': 32014}
{'encoded_length': 9044,
 'left': 64028,
 'overshoot': 852,
 'right': 96042,
 'string_len': 159133,
 'width': 32014}
{'encoded_length': 9183,
 'left': 96042,
 'overshoot': 991,
 'right': 128056,
 'string_len': 159133,
 'width': 32014}
{'encoded_length': 9269,
 'left': 128056,
 'overshoot': 1077,
 'right': 160070,
 'string_len': 159133,
 'width': 32014}
{'encoded_length': 9137,
 'left': 50242,
 'overshoot': 945,
 'right': 75363,
 'string_len': 185729,
 'width': 25121}
{'encoded_length': 9394,
 'left': 75363,
 'overshoot': 1202,
 'right': 100484,
 'string_len': 185729,
 'width': 25121}
{'encoded_length': 8825,
 'left': 125605,
 'overshoot': 633,
 'right': 150726,
 'string_len': 185729,
 'width': 25121}
{'encoded_length': 9302,
 'left': 150726,
 'overshoot': 1110,
 'right': 175847,
 'string_len': 185729,
 'width': 25121}
{'encoded_length': 8465,
 'left': 34395,
 'overshoot': 273,
 'right': 68790,
 'string_len': 219101,
 'width': 34395}
{'encoded_length': 8839,
 'left': 68790,
 'overshoot': 647,
 'right': 103185,
 'string_len': 219101,
 'width': 34395}
{'encoded_length': 8801,
 'left': 103185,
 'overshoot': 609,
 'right': 137580,
 'string_len': 219101,
 'width': 34395}
{'encoded_length': 8715,
 'left': 137580,
 'overshoot': 523,
 'right': 171975,
 'string_len': 219101,
 'width': 34395}
{'encoded_length': 8683,
 'left': 171975,
 'overshoot': 491,
 'right': 206370,
 'string_len': 219101,
 'width': 34395}
{'encoded_length': 10246,
 'left': 61756,
 'overshoot': 2054,
 'right': 92634,
 'string_len': 249954,
 'width': 30878}
{'encoded_length': 9424,
 'left': 92634,
 'overshoot': 1232,
 'right': 123512,
 'string_len': 249954,
 'width': 30878}
{'encoded_length': 9635,
 'left': 123512,
 'overshoot': 1443,
 'right': 154390,
 'string_len': 249954,
 'width': 30878}
{'encoded_length': 9151,
 'left': 154390,
 'overshoot': 959,
 'right': 185268,
 'string_len': 249954,
 'width': 30878}
{'encoded_length': 9365,
 'left': 185268,
 'overshoot': 1173,
 'right': 216146,
 'string_len': 249954,
 'width': 30878}
{'encoded_length': 9175,
 'left': 216146,
 'overshoot': 983,
 'right': 247024,
 'string_len': 249954,
 'width': 30878}
{'encoded_length': 11301,
 'left': 34823,
 'overshoot': 3109,
 'right': 69646,
 'string_len': 74991,
 'width': 34823}
{'encoded_length': 11017,
 'left': 65428,
 'overshoot': 2825,
 'right': 98142,
 'string_len': 115311,
 'width': 32714}
{'encoded_length': 8435,
 'left': 28047,
 'overshoot': 243,
 'right': 56094,
 'string_len': 159111,
 'width': 28047}
{'encoded_length': 9866,
 'left': 84141,
 'overshoot': 1674,
 'right': 112188,
 'string_len': 159111,
 'width': 28047}
{'encoded_length': 10880,
 'left': 112188,
 'overshoot': 2688,
 'right': 140235,
 'string_len': 159111,
 'width': 28047}
{'encoded_length': 8774,
 'left': 29280,
 'overshoot': 582,
 'right': 58560,
 'string_len': 54068,
 'width': 29280}
{'encoded_length': 8606,
 'left': 26096,
 'overshoot': 414,
 'right': 52192,
 'string_len': 49990,
 'width': 26096}
{'encoded_length': 9112,
 'left': 33641,
 'overshoot': 920,
 'right': 67282,
 'string_len': 67944,
 'width': 33641}
{'encoded_length': 9038,
 'left': 42497,
 'overshoot': 846,
 'right': 84994,
 'string_len': 98231,
 'width': 42497}
{'encoded_length': 10113,
 'left': 37678,
 'overshoot': 1921,
 'right': 75356,
 'string_len': 110388,
 'width': 37678}
{'encoded_length': 9372,
 'left': 75356,
 'overshoot': 1180,
 'right': 113034,
 'string_len': 110388,
 'width': 37678}
{'encoded_length': 8613,
 'left': 38268,
 'overshoot': 421,
 'right': 76536,
 'string_len': 128267,
 'width': 38268}
{'encoded_length': 8897,
 'left': 76536,
 'overshoot': 705,
 'right': 114804,
 'string_len': 128267,
 'width': 38268}
{'encoded_length': 8986,
 'left': 32444,
 'overshoot': 794,
 'right': 64888,
 'string_len': 155971,
 'width': 32444}
{'encoded_length': 9591,
 'left': 64888,
 'overshoot': 1399,
 'right': 97332,
 'string_len': 155971,
 'width': 32444}
{'encoded_length': 9889,
 'left': 97332,
 'overshoot': 1697,
 'right': 129776,
 'string_len': 155971,
 'width': 32444}
{'encoded_length': 8898,
 'left': 28288,
 'overshoot': 706,
 'right': 56576,
 'string_len': 49770,
 'width': 28288}
{'encoded_length': 8659,
 'left': 27304,
 'overshoot': 467,
 'right': 54608,
 'string_len': 65401,
 'width': 27304}
{'encoded_length': 8906,
 'left': 19798,
 'overshoot': 714,
 'right': 39596,
 'string_len': 85089,
 'width': 19798}
{'encoded_length': 8444,
 'left': 39596,
 'overshoot': 252,
 'right': 59394,
 'string_len': 85089,
 'width': 19798}
{'encoded_length': 8433,
 'left': 59394,
 'overshoot': 241,
 'right': 79192,
 'string_len': 85089,
 'width': 19798}
{'encoded_length': 9728,
 'left': 23807,
 'overshoot': 1536,
 'right': 47614,
 'string_len': 61174,
 'width': 23807}
{'encoded_length': 8519,
 'left': 11150,
 'overshoot': 327,
 'right': 22300,
 'string_len': 50518,
 'width': 11150}
{'encoded_length': 8760,
 'left': 22300,
 'overshoot': 568,
 'right': 33450,
 'string_len': 50518,
 'width': 11150}
{'encoded_length': 9472,
 'left': 33450,
 'overshoot': 1280,
 'right': 44600,
 'string_len': 50518,
 'width': 11150}
{'encoded_length': 8499,
 'left': 10777,
 'overshoot': 307,
 'right': 21554,
 'string_len': 59651,
 'width': 10777}
{'encoded_length': 8535,
 'left': 21554,
 'overshoot': 343,
 'right': 32331,
 'string_len': 59651,
 'width': 10777}
{'encoded_length': 10085,
 'left': 32331,
 'overshoot': 1893,
 'right': 43108,
 'string_len': 59651,
 'width': 10777}
{'encoded_length': 8987,
 'left': 43108,
 'overshoot': 795,
 'right': 53885,
 'string_len': 59651,
 'width': 10777}
{'encoded_length': 8250,
 'left': 35736,
 'overshoot': 58,
 'right': 71472,
 'string_len': 123832,
 'width': 35736}
{'encoded_length': 8901,
 'left': 71472,
 'overshoot': 709,
 'right': 107208,
 'string_len': 123832,
 'width': 35736}
{'encoded_length': 8598,
 'left': 69410,
 'overshoot': 406,
 'right': 104115,
 'string_len': 125571,
 'width': 34705}
{'encoded_length': 8351,
 'left': 37359,
 'overshoot': 159,
 'right': 74718,
 'string_len': 142474,
 'width': 37359}
{'encoded_length': 9075,
 'left': 74718,
 'overshoot': 883,
 'right': 112077,
 'string_len': 142474,
 'width': 37359}
{'encoded_length': 8378,
 'left': 35578,
 'overshoot': 186,
 'right': 71156,
 'string_len': 146604,
 'width': 35578}
{'encoded_length': 8843,
 'left': 71156,
 'overshoot': 651,
 'right': 106734,
 'string_len': 146604,
 'width': 35578}
{'encoded_length': 8323,
 'left': 106734,
 'overshoot': 131,
 'right': 142312,
 'string_len': 146604,
 'width': 35578}
{'encoded_length': 8602,
 'left': 32907,
 'overshoot': 410,
 'right': 65814,
 'string_len': 96549,
 'width': 32907}
{'encoded_length': 8516,
 'left': 27328,
 'overshoot': 324,
 'right': 54656,
 'string_len': 109312,
 'width': 27328}
{'encoded_length': 8888,
 'left': 54656,
 'overshoot': 696,
 'right': 81984,
 'string_len': 109312,
 'width': 27328}
{'encoded_length': 8249,
 'left': 81984,
 'overshoot': 57,
 'right': 109312,
 'string_len': 109312,
 'width': 27328}
{'encoded_length': 8418,
 'left': 29338,
 'overshoot': 226,
 'right': 58676,
 'string_len': 53620,
 'width': 29338}
{'encoded_length': 9231,
 'left': 26564,
 'overshoot': 1039,
 'right': 53128,
 'string_len': 79302,
 'width': 26564}
{'encoded_length': 10273,
 'left': 53128,
 'overshoot': 2081,
 'right': 79692,
 'string_len': 79302,
 'width': 26564}
{'encoded_length': 8417,
 'left': 31515,
 'overshoot': 225,
 'right': 42020,
 'string_len': 84042,
 'width': 10505}
{'encoded_length': 8352,
 'left': 73535,
 'overshoot': 160,
 'right': 84040,
 'string_len': 84042,
 'width': 10505}
{'encoded_length': 8368,
 'left': 30054,
 'overshoot': 176,
 'right': 40072,
 'string_len': 85836,
 'width': 10018}
{'encoded_length': 11396,
 'left': 39052,
 'overshoot': 3204,
 'right': 58578,
 'string_len': 331495,
 'width': 19526}
{'encoded_length': 10795,
 'left': 58578,
 'overshoot': 2603,
 'right': 78104,
 'string_len': 331495,
 'width': 19526}
{'encoded_length': 11509,
 'left': 78104,
 'overshoot': 3317,
 'right': 97630,
 'string_len': 331495,
 'width': 19526}
{'encoded_length': 10192,
 'left': 97630,
 'overshoot': 2000,
 'right': 117156,
 'string_len': 331495,
 'width': 19526}
{'encoded_length': 10692,
 'left': 117156,
 'overshoot': 2500,
 'right': 136682,
 'string_len': 331495,
 'width': 19526}
{'encoded_length': 8199,
 'left': 214786,
 'overshoot': 7,
 'right': 234312,
 'string_len': 331495,
 'width': 19526}
{'encoded_length': 8413,
 'left': 273364,
 'overshoot': 221,
 'right': 292890,
 'string_len': 331495,
 'width': 19526}
{'encoded_length': 9222,
 'left': 292890,
 'overshoot': 1030,
 'right': 312416,
 'string_len': 331495,
 'width': 19526}
{'encoded_length': 8365,
 'left': 20686,
 'overshoot': 173,
 'right': 41372,
 'string_len': 490480,
 'width': 20686}
{'encoded_length': 11183,
 'left': 62058,
 'overshoot': 2991,
 'right': 82744,
 'string_len': 490480,
 'width': 20686}
{'encoded_length': 9519,
 'left': 82744,
 'overshoot': 1327,
 'right': 103430,
 'string_len': 490480,
 'width': 20686}
{'encoded_length': 9490,
 'left': 103430,
 'overshoot': 1298,
 'right': 124116,
 'string_len': 490480,
 'width': 20686}
{'encoded_length': 11382,
 'left': 124116,
 'overshoot': 3190,
 'right': 144802,
 'string_len': 490480,
 'width': 20686}
{'encoded_length': 9687,
 'left': 144802,
 'overshoot': 1495,
 'right': 165488,
 'string_len': 490480,
 'width': 20686}
{'encoded_length': 9799,
 'left': 165488,
 'overshoot': 1607,
 'right': 186174,
 'string_len': 490480,
 'width': 20686}
{'encoded_length': 9274,
 'left': 186174,
 'overshoot': 1082,
 'right': 206860,
 'string_len': 490480,
 'width': 20686}
{'encoded_length': 8907,
 'left': 206860,
 'overshoot': 715,
 'right': 227546,
 'string_len': 490480,
 'width': 20686}
{'encoded_length': 8873,
 'left': 310290,
 'overshoot': 681,
 'right': 330976,
 'string_len': 490480,
 'width': 20686}
{'encoded_length': 8279,
 'left': 330976,
 'overshoot': 87,
 'right': 351662,
 'string_len': 490480,
 'width': 20686}
{'encoded_length': 8597,
 'left': 351662,
 'overshoot': 405,
 'right': 372348,
 'string_len': 490480,
 'width': 20686}
{'encoded_length': 8354,
 'left': 372348,
 'overshoot': 162,
 'right': 393034,
 'string_len': 490480,
 'width': 20686}
{'encoded_length': 8439,
 'left': 393034,
 'overshoot': 247,
 'right': 413720,
 'string_len': 490480,
 'width': 20686}
{'encoded_length': 8923,
 'left': 413720,
 'overshoot': 731,
 'right': 434406,
 'string_len': 490480,
 'width': 20686}
{'encoded_length': 9330,
 'left': 434406,
 'overshoot': 1138,
 'right': 455092,
 'string_len': 490480,
 'width': 20686}
{'encoded_length': 8742,
 'left': 455092,
 'overshoot': 550,
 'right': 475778,
 'string_len': 490480,
 'width': 20686}
{'encoded_length': 8256,
 'left': 32634,
 'overshoot': 64,
 'right': 65268,
 'string_len': 85792,
 'width': 32634}
{'encoded_length': 8869,
 'left': 28194,
 'overshoot': 677,
 'right': 56388,
 'string_len': 102101,
 'width': 28194}
{'encoded_length': 8281,
 'left': 56388,
 'overshoot': 89,
 'right': 84582,
 'string_len': 102101,
 'width': 28194}
{'encoded_length': 10533,
 'left': 29366,
 'overshoot': 2341,
 'right': 58732,
 'string_len': 65121,
 'width': 29366}
