US-8178948-B2 skipped: too many tokens after merge
US-2018040832-A1 skipped: too many tokens after merge
US-2023036610-A1 skipped: too many tokens after merge
US-3444925-A skipped: too many tokens after merge
US-4920157-A skipped: too many tokens after merge
US-2005106041-A1 skipped: too many tokens after merge
US-7482428-B2 skipped: too many tokens after merge
US-2008212513-A1 skipped: too many tokens after merge
US-5760071-A skipped: too many tokens after merge
US-6216745-B1 skipped: too many tokens after merge
US-1015103-A skipped: too many tokens after merge
US-10703504-B2 skipped: too many tokens after merge
US-2325972-A skipped: too many tokens after merge
US-9139169-B2 skipped: too many tokens after merge
US-1255861-A skipped: too many tokens after merge
US-D305726-S skipped: too many tokens after merge
US-8860423-B2 skipped: too many tokens after merge
US-3295803-A skipped: too many tokens after merge
US-4086820-A skipped: too many tokens after merge
US-1625443-A skipped: too many tokens after merge
US-2011167194-A1 skipped: too many tokens after merge
US-2015067857-A1 skipped: too many tokens after merge
US-2021054658-A1 skipped: too many tokens after merge
US-2012091396-A1 skipped: too many tokens after merge
US-11645711-B2 skipped: too many tokens after merge
US-2005173222-A1 skipped: too many tokens after merge
US-D530209-S skipped: too many tokens after merge
US-D334653-S skipped: too many tokens after merge
US-7010807-B1 skipped: too many tokens after merge
US-2005138401-A1 skipped: too many tokens after merge
US-7775595-B2 skipped: too many tokens after merge
US-7328026-B2 skipped: too many tokens after merge
US-9278871-B2 skipped: too many tokens after merge
US-2006034217-A1 skipped: too many tokens after merge
US-6605355-B1 skipped: too many tokens after merge
US-5678272-A skipped: too many tokens after merge
US-3310082-A skipped: too many tokens after merge
US-10155124-B2 skipped: too many tokens after merge
US-2008255784-A1 skipped: too many tokens after merge
US-2016156699-A1 skipped: too many tokens after merge
US-9887575-B2 skipped: too many tokens after merge
US-2013209399-A1 skipped: too many tokens after merge
US-D826556-S skipped: too many tokens after merge
US-4029843-A skipped: too many tokens after merge
US-4068151-A skipped: too many tokens consumed by base patent
US-PP27638-P3 skipped: too many tokens after merge
US-2838565-A skipped: too many tokens after merge
US-10583145-B2 skipped: too many tokens after merge
US-1383855-A skipped: too many tokens after merge
US-2007036002-A1 skipped: too many tokens after merge
US-2013262764-A1 skipped: too many tokens after merge
US-9562236-B2 skipped: too many tokens after merge
US-10839887-B2 skipped: too many tokens after merge
US-5153369-A skipped: too many tokens after merge
US-2005009060-A1 skipped: too many tokens after merge
US-2017319855-A1 skipped: too many tokens after merge
US-2018215578-A1 skipped: too many tokens after merge
US-2063950-A skipped: too many tokens after merge
US-6143552-A skipped: too many tokens after merge
US-4851934-A skipped: too many tokens after merge
US-2022083756-A1 skipped: too many tokens after merge
US-2005123634-A1 skipped: too many tokens after merge
US-2011122329-A1 skipped: too many tokens after merge
US-2010078556-A1 skipped: too many tokens after merge
US-2407977-A skipped: too many tokens after merge
US-9832743-B2 skipped: too many tokens after merge
US-2009203764-A1 skipped: too many tokens after merge
US-2004034714-A1 skipped: too many tokens after merge
US-942085-A skipped: too many tokens after merge
US-RE37464-E skipped: too many tokens after merge
US-2021264593-A1 skipped: too many tokens after merge
US-10323749-B2 skipped: too many tokens after merge
US-2014118496-A1 skipped: too many tokens after merge
US-10773591-B2 skipped: too many tokens after merge
US-1215233-A skipped: too many tokens after merge
US-2014282594-A1 skipped: too many tokens after merge
US-2012268683-A1 skipped: too many tokens after merge
US-2018129885-A1 skipped: too many tokens after merge
US-10110023-B2 skipped: too many tokens after merge
US-2022194936-A1 skipped: too many tokens after merge
US-6077507-A skipped: too many tokens after merge
US-2280822-A skipped: too many tokens after merge
US-2013181845-A1 skipped: too many tokens after merge
US-277883-A skipped: too many tokens after merge
US-8216906-B2 skipped: too many tokens after merge
US-9561723-B2 skipped: too many tokens after merge
US-D876904-S skipped: too many tokens after merge
US-11295395-B1 skipped: too many tokens after merge
US-4060714-A skipped: too many tokens after merge
US-2010273617-A1 skipped: too many tokens after merge
US-2012168694-A1 skipped: too many tokens after merge
US-965106-A skipped: too many tokens after merge
US-2013127404-A1 skipped: too many tokens after merge
US-8497665-B2 skipped: too many tokens after merge
US-2012143436-A1 skipped: too many tokens after merge
US-6618600-B1 skipped: too many tokens after merge
US-2022024477-A1 skipped: too many tokens after merge
US-6572252-B1 skipped: too many tokens after merge
US-4249353-A skipped: too many tokens after merge
US-2007098905-A1 skipped: too many tokens after merge
US-10301070-B2 skipped: too many tokens after merge
US-2019331339-A1 skipped: too many tokens after merge
US-8205191-B1 skipped: too many tokens after merge
US-2325529-A skipped: too many tokens after merge
US-5985140-A skipped: too many tokens after merge
US-2003102466-A1 skipped: too many tokens after merge
US-2019160263-A1 skipped: too many tokens after merge
US-8160558-B2 skipped: too many tokens after merge
US-3194233-A skipped: too many tokens after merge
US-1703280-A skipped: too many tokens after merge
US-2009151790-A1 skipped: too many tokens after merge
US-36089-A skipped: too many tokens after merge
US-2018227037-A1 skipped: too many tokens after merge
US-2014190004-A1 skipped: too many tokens after merge
US-2764924-A skipped: too many tokens after merge
US-5424541-A skipped: too many tokens after merge
US-2009234035-A1 skipped: too many tokens after merge
US-6220524-B1 skipped: too many tokens after merge
US-3125724-A skipped: too many tokens after merge
US-2019288267-A1 skipped: too many tokens after merge
US-5309221-A skipped: too many tokens after merge
US-2005286321-A1 skipped: too many tokens after merge
US-9771918-B2 skipped: too many tokens after merge
US-6252061-B1 skipped: too many tokens after merge
US-2014037215-A1 skipped: too many tokens after merge
US-3292843-A skipped: too many tokens after merge
US-2008234084-A1 skipped: too many tokens after merge
US-2012172709-A1 skipped: too many tokens after merge
US-10217455-B2 skipped: too many tokens after merge
US-7266750-B1 skipped: too many tokens after merge
US-2019308339-A1 skipped: too many tokens after merge
US-2010244247-A1 skipped: too many tokens after merge
US-990235-A skipped: too many tokens after merge
US-2016299754-A1 skipped: too many tokens after merge
US-2388255-A skipped: too many tokens after merge
US-3977326-A skipped: too many tokens after merge
US-10032629-B2 skipped: too many tokens after merge
US-4306891-A skipped: too many tokens after merge
US-2020222870-A1 skipped: too many tokens after merge
US-2010279598-A1 skipped: too many tokens after merge
US-6377426-B2 skipped: too many tokens after merge
US-9322874-B2 skipped: too many tokens after merge
US-2021098739-A1 skipped: too many tokens after merge
US-3218353-A skipped: too many tokens after merge
US-2013134934-A1 skipped: too many tokens after merge
US-2021407575-A1 skipped: too many tokens after merge
US-D720531-S skipped: too many tokens after merge
US-7991726-B2 skipped: too many tokens after merge
US-4426487-A skipped: too many tokens after merge
US-2020033811-A1 skipped: too many tokens after merge
US-8346163-B2 skipped: too many tokens after merge
US-2022100344-A1 skipped: too many tokens after merge
US-2390615-A skipped: too many tokens after merge
US-2019192246-A1 skipped: too many tokens after merge
US-2004162176-A1 skipped: too many tokens after merge
US-8425374-B2 skipped: too many tokens after merge
US-8279356-B2 skipped: too many tokens after merge
US-2021380486-A1 skipped: too many tokens after merge
US-4730838-A skipped: too many tokens after merge
US-2015083238-A1 skipped: too many tokens after merge
US-2022092743-A1 skipped: too many tokens after merge
US-1832019-A skipped: too many tokens after merge
US-2002009370-A1 skipped: too many tokens after merge
US-2003215468-A1 skipped: too many tokens after merge
US-6729941-B2 skipped: too many tokens after merge
US-2008283098-A1 skipped: too many tokens after merge
US-2005140812-A1 skipped: too many tokens after merge
US-2011145894-A1 skipped: too many tokens after merge
US-7193495-B2 skipped: too many tokens after merge
US-2006227181-A1 skipped: too many tokens after merge
US-5655461-A skipped: too many tokens after merge
US-3540329-A skipped: too many tokens after merge
US-583663-A skipped: too many tokens after merge
US-2003193599-A1 skipped: too many tokens after merge
US-10271100-B2 skipped: too many tokens after merge
US-2014210491-A1 skipped: too many tokens after merge
US-2011145278-A1 skipped: too many tokens after merge
US-9405116-B2 skipped: too many tokens after merge
US-2690582-A skipped: too many tokens after merge
US-D357617-S skipped: too many tokens after merge
US-2018222953-A1 skipped: too many tokens after merge
US-6985280-B2 skipped: too many tokens after merge
US-7278374-B2 skipped: too many tokens after merge
US-5910113-A skipped: too many tokens after merge
US-3844260-A skipped: too many tokens after merge
US-1357149-A skipped: too many tokens after merge
US-5692386-A skipped: too many tokens after merge
US-6099211-A skipped: too many tokens after merge
US-2005126201-A1 skipped: too many tokens after merge
US-8778580-B2 skipped: too many tokens after merge
US-3366848-A skipped: too many tokens after merge
US-2012190334-A1 skipped: too many tokens after merge
US-2016205363-A1 skipped: too many tokens after merge
US-3552484-A skipped: too many tokens after merge
US-5595321-A skipped: too many tokens after merge
US-9540212-B2 skipped: too many tokens after merge
US-6765260-B1 skipped: too many tokens after merge
US-2986297-A skipped: too many tokens after merge
US-2020132815-A1 skipped: too many tokens after merge
US-2005284421-A1 skipped: too many tokens consumed by base patent
US-2012133244-A1 skipped: too many tokens after merge
US-2017325066-A1 skipped: too many tokens after merge
US-2018028673-A1 skipped: too many tokens after merge
US-2007083745-A1 skipped: too many tokens after merge
US-8822719-B1 skipped: too many tokens after merge
US-7680222-B2 skipped: too many tokens after merge
US-9240664-B2 skipped: too many tokens after merge
US-819249-A skipped: too many tokens after merge
US-2002030597-A1 skipped: too many tokens after merge
US-10330734-B2 skipped: too many tokens after merge
US-7495650-B2 skipped: too many tokens after merge
US-2012308578-A1 skipped: too many tokens after merge
US-2009183719-A1 skipped: too many tokens after merge
US-6250031-B1 skipped: too many tokens after merge
US-2005046792-A1 skipped: too many tokens after merge
US-621476-A skipped: too many tokens after merge
US-5128629-A skipped: too many tokens consumed by base patent
US-2472452-A skipped: too many tokens after merge
US-9487016-B2 skipped: too many tokens after merge
US-2002051547-A1 skipped: too many tokens after merge
US-2003164520-A1 skipped: too many tokens after merge
US-8907319-B2 skipped: too many tokens after merge
US-6540929-B2 skipped: too many tokens after merge
US-2016340857-A1 skipped: too many tokens after merge
US-3993231-A skipped: too many tokens after merge
US-2006075769-A1 skipped: too many tokens after merge
US-4222738-A skipped: too many tokens after merge
US-565626-A skipped: too many tokens after merge
US-8630014-B2 skipped: too many tokens after merge
US-8333030-B2 skipped: too many tokens after merge
US-2021046019-A1 skipped: too many tokens after merge
US-7843179-B2 skipped: too many tokens after merge
US-8997632-B2 skipped: too many tokens after merge
US-2019112506-A1 skipped: too many tokens after merge
US-7500563-B2 skipped: too many tokens after merge
US-2010214046-A1 skipped: too many tokens after merge
US-2018218409-A1 skipped: too many tokens after merge
US-2015176972-A1 skipped: too many tokens after merge
US-2019127839-A1 skipped: too many tokens after merge
US-7571497-B2 skipped: too many tokens after merge
US-5837009-A skipped: too many tokens after merge
US-2006054583-A1 skipped: too many tokens after merge
US-2003085288-A1 skipped: too many tokens after merge
US-1515495-A skipped: too many tokens after merge
US-3360370-A skipped: too many tokens after merge
US-3128248-A skipped: too many tokens after merge
US-3923317-A skipped: too many tokens after merge
US-3995258-A skipped: too many tokens after merge
US-D462270-S skipped: too many tokens after merge
US-5131955-A skipped: too many tokens after merge
US-2017337431-A1 skipped: too many tokens after merge
US-1996706-A skipped: too many tokens after merge
US-5706092-A skipped: too many tokens after merge
US-2903309-A skipped: too many tokens after merge
US-11547540-B2 skipped: too many tokens after merge
US-8359542-B2 skipped: too many tokens after merge
US-D691825-S skipped: too many tokens after merge
US-2022354380-A1 skipped: too many tokens after merge
US-2004236994-A1 skipped: too many tokens after merge
US-7369946-B2 skipped: too many tokens after merge
US-D941543-S skipped: too many tokens after merge
US-2003072333-A1 skipped: too many tokens after merge
US-2018007375-A1 skipped: too many tokens after merge
US-2020146587-A1 skipped: too many tokens after merge
US-2013346336-A1 skipped: too many tokens after merge
US-4745978-A skipped: too many tokens after merge
US-8594541-B2 skipped: too many tokens after merge
US-309736-A skipped: too many tokens after merge
US-2065861-A skipped: too many tokens after merge
US-2021076452-A1 skipped: too many tokens after merge
US-2022062319-A1 skipped: too many tokens after merge
US-2656115-A skipped: too many tokens after merge
US-10073694-B2 skipped: too many tokens after merge
US-2019341909-A1 skipped: too many tokens after merge
US-5425243-A skipped: too many tokens after merge
US-10736947-B2 skipped: too many tokens after merge
US-2016057219-A1 skipped: too many tokens after merge
US-6674596-B1 skipped: too many tokens after merge
US-10365044-B2 skipped: too many tokens after merge
US-10303802-B2 skipped: too many tokens after merge
US-10293566-B2 skipped: too many tokens after merge
US-D787775-S skipped: too many tokens after merge
US-8252362-B2 skipped: too many tokens after merge
US-8737649-B2 skipped: too many tokens after merge
US-2011211437-A1 skipped: too many tokens after merge
US-2021184538-A1 skipped: too many tokens after merge
US-9427080-B2 skipped: too many tokens after merge
US-1468625-A skipped: too many tokens after merge
US-7120477-B2 skipped: too many tokens after merge
US-2014289454-A1 skipped: too many tokens after merge
US-2021152996-A1 skipped: too many tokens after merge
US-10070417-B2 skipped: too many tokens after merge
US-2007185771-A1 skipped: too many tokens after merge
US-8438782-B2 skipped: too many tokens after merge
US-400474-A skipped: too many tokens after merge
US-2008102041-A1 skipped: too many tokens after merge
US-1458976-A skipped: too many tokens after merge
US-544646-A skipped: too many tokens after merge
US-2007048787-A1 skipped: too many tokens after merge
US-2039118-A skipped: too many tokens after merge
US-1010934-A skipped: too many tokens after merge
US-2013150488-A1 skipped: too many tokens after merge
US-9527104-B2 skipped: too many tokens after merge
US-3534908-A skipped: too many tokens after merge
US-9742459-B2 skipped: too many tokens after merge
US-2020274762-A1 skipped: too many tokens after merge
US-8500986-B1 skipped: too many tokens after merge
US-2022356587-A1 skipped: too many tokens after merge
US-6601852-B1 skipped: too many tokens after merge
US-2019281847-A1 skipped: too many tokens after merge
US-2004076795-A1 skipped: too many tokens after merge
US-2007002127-A1 skipped: too many tokens after merge
US-6406333-B2 skipped: too many tokens after merge
US-4631418-A skipped: too many tokens after merge
US-2003154781-A1 skipped: too many tokens after merge
US-9868173-B2 skipped: too many tokens after merge
US-10386543-B2 skipped: too many tokens after merge
US-2019375330-A1 skipped: too many tokens after merge
US-3085899-A skipped: too many tokens after merge
US-2004078232-A1 skipped: too many tokens after merge
US-1782028-A skipped: too many tokens after merge
US-10857241-B2 skipped: too many tokens after merge
US-2010044006-A1 skipped: too many tokens after merge
US-2011224933-A1 skipped: too many tokens after merge
US-2014162446-A1 skipped: too many tokens after merge
US-2018683-A skipped: too many tokens after merge
US-3456404-A skipped: too many tokens after merge
US-4235188-A skipped: too many tokens after merge
US-10804574-B2 skipped: too many tokens after merge
US-2009012674-A1 skipped: too many tokens after merge
US-10324708-B2 skipped: too many tokens after merge
US-11233964-B2 skipped: too many tokens after merge
US-2017243721-A1 skipped: too many tokens after merge
US-1810967-A skipped: too many tokens after merge
US-3378129-A skipped: too many tokens after merge
US-8134990-B2 skipped: too many tokens after merge
US-2010284454-A1 skipped: too many tokens after merge
US-9185310-B2 skipped: too many tokens after merge
US-9232352-B2 skipped: too many tokens after merge
US-2020158534-A1 skipped: too many tokens after merge
US-415887-A skipped: too many tokens after merge
US-2851174-A skipped: too many tokens after merge
US-5720112-A skipped: too many tokens consumed by base patent
US-4905265-A skipped: too many tokens after merge
US-2009238534-A1 skipped: too many tokens after merge
US-5533000-A skipped: too many tokens after merge
US-2010138124-A1 skipped: too many tokens after merge
US-1526116-A skipped: too many tokens after merge
US-10228-A skipped: too many tokens after merge
US-2020236193-A1 skipped: too many tokens after merge
US-4965749-A skipped: too many tokens after merge
US-2018249807-A1 skipped: too many tokens after merge
US-7189168-B2 skipped: too many tokens after merge
US-2022258137-A1 skipped: too many tokens after merge
US-30901-A skipped: too many tokens after merge
US-D936598-S skipped: too many tokens after merge
US-2018161894-A1 skipped: too many tokens after merge
US-2203014-A skipped: too many tokens after merge
US-2009062641-A1 skipped: too many tokens after merge
US-D472566-S skipped: too many tokens after merge
US-1098824-A skipped: too many tokens after merge
US-2023133002-A1 skipped: too many tokens after merge
US-2008024080-A1 skipped: too many tokens after merge
US-8988872-B2 skipped: too many tokens after merge
US-3221676-A skipped: too many tokens after merge
US-D822962-S skipped: too many tokens after merge
US-1387047-A skipped: too many tokens after merge
US-2017069171-A1 skipped: too many tokens after merge
US-5920457-A skipped: too many tokens after merge
US-2018346298-A1 skipped: too many tokens after merge
US-2023024281-A1 skipped: too many tokens after merge
US-2004196282-A1 skipped: too many tokens after merge
US-7124693-B2 skipped: too many tokens after merge
US-3953499-A skipped: too many tokens after merge
US-2008008398-A1 skipped: too many tokens after merge
US-2011102319-A1 skipped: too many tokens after merge
US-2012096376-A1 skipped: too many tokens after merge
US-10147988-B2 skipped: too many tokens after merge
US-3698557-A skipped: too many tokens after merge
US-10660615-B2 skipped: too many tokens after merge
US-8515073-B2 skipped: too many tokens after merge
US-2009052854-A1 skipped: too many tokens after merge
US-11442578-B2 skipped: too many tokens consumed by base patent
US-4852473-A skipped: too many tokens after merge
US-1120100-A skipped: too many tokens after merge
US-2011270794-A1 skipped: too many tokens after merge
US-2001041840-A1 skipped: too many tokens after merge
US-2006085037-A1 skipped: too many tokens after merge
US-9029458-B2 skipped: too many tokens after merge
US-3708790-A skipped: too many tokens after merge
US-5865110-A skipped: too many tokens after merge
US-2018195453-A1 skipped: too many tokens after merge
US-1395328-A skipped: too many tokens after merge
US-5581095-A skipped: too many tokens after merge
US-9567417-B1 skipped: too many tokens after merge
US-11363027-B2 skipped: too many tokens after merge
US-2009195086-A1 skipped: too many tokens after merge
US-4041713-A skipped: too many tokens after merge
US-8087286-B2 skipped: too many tokens after merge
US-3494672-A skipped: too many tokens after merge
US-8913843-B2 skipped: too many tokens after merge
US-2013024964-A1 skipped: too many tokens after merge
US-3271960-A skipped: too many tokens after merge
US-2011301263-A1 skipped: too many tokens after merge
US-2020024317-A1 skipped: too many tokens after merge
US-4901068-A skipped: too many tokens after merge
US-2404754-A skipped: too many tokens after merge
US-2011297129-A1 skipped: too many tokens after merge
US-2022066611-A1 skipped: too many tokens after merge
US-5742771-A skipped: too many tokens after merge
US-2020096428-A1 skipped: too many tokens after merge
US-10734547-B2 skipped: too many tokens after merge
US-D459121-S skipped: too many tokens after merge
US-2015225298-A1 skipped: too many tokens after merge
US-2005028750-A1 skipped: too many tokens after merge
US-11114046-B2 skipped: too many tokens after merge
Prepared 584 subsamples from 1000 requested
