US-3013106-A skipped: too many tokens after merge
US-4920157-A skipped: too many tokens after merge
US-5760071-A skipped: too many tokens after merge
US-5455998-A skipped: too many tokens after merge
US-9867428-B2 skipped: too many tokens after merge
US-1666693-A skipped: too many tokens after merge
US-D305726-S skipped: too many tokens after merge
US-2019247710-A1 skipped: too many tokens after merge
US-8860423-B2 skipped: too many tokens after merge
US-3295803-A skipped: too many tokens after merge
US-3448620-A skipped: too many tokens after merge
US-4086820-A skipped: too many tokens after merge
US-2020353885-A1 skipped: too many tokens after merge
US-1625443-A skipped: too many tokens after merge
US-2011167194-A1 skipped: too many tokens after merge
US-7526343-B2 skipped: too many tokens after merge
US-1140026-A skipped: too many tokens after merge
US-2014037984-A1 skipped: too many tokens after merge
US-4493513-A skipped: too many tokens after merge
US-2019117013-A1 skipped: too many tokens after merge
US-8767331-B2 skipped: too many tokens consumed by base patent
US-11645711-B2 skipped: too many tokens after merge
US-2005173222-A1 skipped: too many tokens after merge
US-2020083023-A1 skipped: too many tokens after merge
US-2005138401-A1 skipped: too many tokens after merge
US-7775595-B2 skipped: too many tokens after merge
US-7328026-B2 skipped: too many tokens after merge
US-2006034217-A1 skipped: too many tokens after merge
US-5948374-A skipped: too many tokens after merge
US-6605355-B1 skipped: too many tokens after merge
US-2003105859-A1 skipped: too many tokens after merge
US-3310082-A skipped: too many tokens after merge
US-6604527-B1 skipped: too many tokens after merge
US-2008255784-A1 skipped: too many tokens after merge
US-2011185777-A1 skipped: too many tokens after merge
US-D826556-S skipped: too many tokens after merge
US-2023052509-A1 skipped: too many tokens after merge
US-4029843-A skipped: too many tokens after merge
US-PP27638-P3 skipped: too many tokens after merge
US-2838565-A skipped: too many tokens after merge
US-10159702-B2 skipped: too many tokens after merge
US-10583145-B2 skipped: too many tokens after merge
US-3942669-A skipped: too many tokens after merge
US-9640753-B2 skipped: too many tokens after merge
US-2007036002-A1 skipped: too many tokens after merge
US-2013262764-A1 skipped: too many tokens after merge
US-2012120314-A1 skipped: too many tokens after merge
US-9562236-B2 skipped: too many tokens after merge
US-2003152383-A1 skipped: too many tokens after merge
US-2014023999-A1 skipped: too many tokens after merge
US-2005009060-A1 skipped: too many tokens after merge
US-2017319855-A1 skipped: too many tokens after merge
US-2018215578-A1 skipped: too many tokens after merge
US-2063950-A skipped: too many tokens after merge
US-2012231631-A1 skipped: too many tokens after merge
US-11467693-B1 skipped: too many tokens after merge
US-8212918-B2 skipped: too many tokens after merge
US-3113440-A skipped: too many tokens after merge
US-2009148118-A1 skipped: too many tokens after merge
US-2010078556-A1 skipped: too many tokens after merge
US-9832743-B2 skipped: too many tokens after merge
US-2004034714-A1 skipped: too many tokens after merge
US-942085-A skipped: too many tokens after merge
US-10323749-B2 skipped: too many tokens after merge
US-950269-A skipped: too many tokens after merge
US-2014118496-A1 skipped: too many tokens after merge
US-1215233-A skipped: too many tokens after merge
US-3964739-A skipped: too many tokens after merge
US-10110023-B2 skipped: too many tokens after merge
US-2280822-A skipped: too many tokens after merge
US-2014234050-A1 skipped: too many tokens after merge
US-1373935-A skipped: too many tokens after merge
US-8216906-B2 skipped: too many tokens after merge
US-11420102-B2 skipped: too many tokens after merge
US-2019327782-A1 skipped: too many tokens after merge
US-1394512-A skipped: too many tokens after merge
US-2006209731-A1 skipped: too many tokens after merge
US-PP14604-P2 skipped: too many tokens after merge
US-2007277921-A1 skipped: too many tokens after merge
US-11295395-B1 skipped: too many tokens after merge
US-4060714-A skipped: too many tokens after merge
US-2010273617-A1 skipped: too many tokens after merge
US-8941334-B2 skipped: too many tokens after merge
US-206363-A skipped: too many tokens after merge
US-6180277-B1 skipped: too many tokens after merge
US-2022118199-A1 skipped: too many tokens after merge
US-965106-A skipped: too many tokens after merge
US-2013127404-A1 skipped: too many tokens after merge
US-8497665-B2 skipped: too many tokens after merge
US-5672678-A skipped: too many tokens after merge
US-D343365-S skipped: too many tokens after merge
US-6572252-B1 skipped: too many tokens after merge
US-2008299665-A1 skipped: too many tokens after merge
US-D554879-S skipped: too many tokens after merge
US-2017009340-A1 skipped: too many tokens after merge
US-10142068-B2 skipped: too many tokens after merge
US-2016291108-A1 skipped: too many tokens after merge
US-2023009594-A1 skipped: too many tokens after merge
US-5985140-A skipped: too many tokens after merge
US-9857696-B2 skipped: too many tokens after merge
US-4533789-A skipped: too many tokens after merge
US-3747246-A skipped: too many tokens after merge
US-2023010918-A1 skipped: too many tokens after merge
US-1703280-A skipped: too many tokens after merge
US-7685286-B2 skipped: too many tokens after merge
US-162387-A skipped: too many tokens after merge
US-11246317-B2 skipped: too many tokens after merge
US-11062186-B2 skipped: too many tokens after merge
US-2016085579-A1 skipped: too many tokens after merge
US-2009151790-A1 skipped: too many tokens after merge
US-2011276229-A1 skipped: too many tokens after merge
US-9853222-B2 skipped: too many tokens after merge
US-36089-A skipped: too many tokens after merge
US-10818301-B2 skipped: too many tokens after merge
US-2013208283-A1 skipped: too many tokens after merge
US-11614761-B2 skipped: too many tokens after merge
US-8187317-B2 skipped: too many tokens after merge
US-2021328425-A1 skipped: too many tokens after merge
US-2005286321-A1 skipped: too many tokens after merge
US-2296716-A skipped: too many tokens after merge
US-9771918-B2 skipped: too many tokens after merge
US-6252061-B1 skipped: too many tokens after merge
US-2015042311-A1 skipped: too many tokens after merge
US-6424756-B1 skipped: too many tokens after merge
US-2008234084-A1 skipped: too many tokens after merge
US-6756407-B2 skipped: too many tokens after merge
US-10217455-B2 skipped: too many tokens after merge
US-2019308339-A1 skipped: too many tokens after merge
US-10208696-B2 skipped: too many tokens after merge
US-2003010568-A1 skipped: too many tokens after merge
US-3977326-A skipped: too many tokens after merge
US-2017312929-A1 skipped: too many tokens after merge
US-849300-A skipped: too many tokens after merge
US-2021098739-A1 skipped: too many tokens after merge
US-8903621-B2 skipped: too many tokens after merge
US-3218353-A skipped: too many tokens after merge
US-11586329-B2 skipped: too many tokens after merge
US-2007125471-A1 skipped: too many tokens after merge
US-4426487-A skipped: too many tokens after merge
US-2390615-A skipped: too many tokens after merge
US-5030031-A skipped: too many tokens after merge
US-7180779-B2 skipped: too many tokens after merge
US-10607068-B2 skipped: too many tokens after merge
US-2022193423-A1 skipped: too many tokens after merge
US-1120800-A skipped: too many tokens after merge
US-2004162176-A1 skipped: too many tokens after merge
US-8279356-B2 skipped: too many tokens after merge
US-2014079356-A1 skipped: too many tokens after merge
US-4769780-A skipped: too many tokens after merge
US-2009048394-A1 skipped: too many tokens after merge
US-5716183-A skipped: too many tokens after merge
US-2003021624-A1 skipped: too many tokens after merge
US-2021380486-A1 skipped: too many tokens after merge
US-2014097541-A1 skipped: too many tokens after merge
US-4730838-A skipped: too many tokens after merge
US-4997250-A skipped: too many tokens after merge
US-2014359064-A1 skipped: too many tokens after merge
US-3131124-A skipped: too many tokens after merge
US-2005140812-A1 skipped: too many tokens after merge
US-393492-A skipped: too many tokens after merge
US-2013297388-A1 skipped: too many tokens after merge
US-583663-A skipped: too many tokens after merge
US-2003193599-A1 skipped: too many tokens after merge
US-3344056-A skipped: too many tokens after merge
US-2010285446-A1 skipped: too many tokens after merge
US-7014998-B2 skipped: too many tokens after merge
US-2013131590-A1 skipped: too many tokens after merge
US-10271100-B2 skipped: too many tokens consumed by base patent
US-8671475-B2 skipped: too many tokens after merge
US-9405116-B2 skipped: too many tokens after merge
US-2015022928-A1 skipped: too many tokens after merge
US-2006155866-A1 skipped: too many tokens after merge
US-4751047-A skipped: too many tokens after merge
US-2011169937-A1 skipped: too many tokens after merge
US-2015170487-A1 skipped: too many tokens after merge
US-2018222953-A1 skipped: too many tokens after merge
US-8363036-B2 skipped: too many tokens after merge
US-6985280-B2 skipped: too many tokens after merge
US-7097155-B2 skipped: too many tokens after merge
US-9266511-B2 skipped: too many tokens after merge
US-4966040-A skipped: too many tokens after merge
US-D493373-S skipped: too many tokens after merge
US-11276382-B2 skipped: too many tokens after merge
US-1357149-A skipped: too many tokens after merge
US-6099211-A skipped: too many tokens after merge
US-2005126201-A1 skipped: too many tokens after merge
US-11249834-B2 skipped: too many tokens after merge
US-8778580-B2 skipped: too many tokens after merge
US-3366848-A skipped: too many tokens after merge
US-2016205363-A1 skipped: too many tokens after merge
US-2002021721-A1 skipped: too many tokens after merge
US-3552484-A skipped: too many tokens after merge
US-9540212-B2 skipped: too many tokens after merge
US-2986297-A skipped: too many tokens after merge
US-2020132815-A1 skipped: too many tokens after merge
US-4941117-A skipped: too many tokens after merge
US-5081144-A skipped: too many tokens after merge
US-3317193-A skipped: too many tokens after merge
US-2012133244-A1 skipped: too many tokens after merge
US-RE34977-E skipped: too many tokens after merge
US-7680222-B2 skipped: too many tokens after merge
US-819249-A skipped: too many tokens after merge
US-1878185-A skipped: too many tokens after merge
US-2002030597-A1 skipped: too many tokens after merge
US-2871761-A skipped: too many tokens after merge
US-4941982-A skipped: too many tokens consumed by base patent
US-2006179961-A1 skipped: too many tokens after merge
US-2012308578-A1 skipped: too many tokens after merge
US-2166686-A skipped: too many tokens after merge
US-2010074804-A1 skipped: too many tokens after merge
US-2006008021-A1 skipped: too many tokens after merge
US-2017300131-A1 skipped: too many tokens consumed by base patent
US-9006525-B1 skipped: too many tokens after merge
US-2472452-A skipped: too many tokens after merge
US-368047-A skipped: too many tokens after merge
US-2002076473-A1 skipped: too many tokens after merge
US-8907319-B2 skipped: too many tokens after merge
US-1482596-A skipped: too many tokens after merge
US-2016340857-A1 skipped: too many tokens after merge
US-2009195590-A1 skipped: too many tokens after merge
US-1686665-A skipped: too many tokens after merge
US-4222738-A skipped: too many tokens after merge
US-8333030-B2 skipped: too many tokens after merge
US-2021046019-A1 skipped: too many tokens after merge
US-165780-A skipped: too many tokens after merge
US-2015176972-A1 skipped: too many tokens after merge
US-2017183787-A1 skipped: too many tokens after merge
US-1164304-A skipped: too many tokens after merge
US-7571497-B2 skipped: too many tokens after merge
US-2020151513-A1 skipped: too many tokens after merge
US-3565809-A skipped: too many tokens after merge
US-2635743-A skipped: too many tokens after merge
US-2006054583-A1 skipped: too many tokens after merge
US-1167258-A skipped: too many tokens after merge
US-D937462-S skipped: too many tokens after merge
US-3360370-A skipped: too many tokens after merge
US-3915948-A skipped: too many tokens after merge
US-6024886-A skipped: too many tokens after merge
US-5592607-A skipped: too many tokens after merge
US-3923317-A skipped: too many tokens after merge
US-1286213-A skipped: too many tokens after merge
US-3995258-A skipped: too many tokens after merge
US-D462270-S skipped: too many tokens after merge
US-5131955-A skipped: too many tokens after merge
US-3629305-A skipped: too many tokens after merge
US-2017033534-A1 skipped: too many tokens after merge
US-2472410-A skipped: too many tokens after merge
US-10290624-B2 skipped: too many tokens after merge
US-4449778-A skipped: too many tokens after merge
US-5706092-A skipped: too many tokens after merge
US-2903309-A skipped: too many tokens after merge
US-11547540-B2 skipped: too many tokens after merge
US-7790978-B1 skipped: too many tokens after merge
US-8359542-B2 skipped: too many tokens after merge
US-2117265-A skipped: too many tokens after merge
US-2022007687-A1 skipped: too many tokens after merge
US-2013169228-A1 skipped: too many tokens after merge
US-11280307-B2 skipped: too many tokens after merge
US-9168417-B2 skipped: too many tokens after merge
US-9266301-B2 skipped: too many tokens after merge
US-2058106-A skipped: too many tokens after merge
US-10576476-B2 skipped: too many tokens after merge
US-2022131459-A1 skipped: too many tokens after merge
US-D941543-S skipped: too many tokens after merge
US-9033209-B2 skipped: too many tokens after merge
US-2015177259-A1 skipped: too many tokens after merge
US-2019181784-A1 skipped: too many tokens after merge
US-9208388-B2 skipped: too many tokens after merge
US-2018007375-A1 skipped: too many tokens after merge
US-2020146587-A1 skipped: too many tokens after merge
US-11388666-B2 skipped: too many tokens after merge
US-4745978-A skipped: too many tokens after merge
US-8611516-B2 skipped: too many tokens after merge
US-680032-A skipped: too many tokens after merge
US-2065861-A skipped: too many tokens after merge
US-2021076452-A1 skipped: too many tokens after merge
US-2015174443-A1 skipped: too many tokens after merge
US-2004100207-A1 skipped: too many tokens after merge
US-5425243-A skipped: too many tokens after merge
US-2004009682-A1 skipped: too many tokens after merge
US-8461758-B2 skipped: too many tokens after merge
US-2008193050-A1 skipped: too many tokens after merge
US-10736947-B2 skipped: too many tokens after merge
US-4352993-A skipped: too many tokens after merge
US-2016057219-A1 skipped: too many tokens after merge
US-2006009591-A1 skipped: too many tokens after merge
US-1441028-A skipped: too many tokens after merge
US-6674596-B1 skipped: too many tokens after merge
US-D904302-S skipped: too many tokens after merge
US-10303802-B2 skipped: too many tokens consumed by base patent
US-10293566-B2 skipped: too many tokens after merge
US-2022299364-A1 skipped: too many tokens after merge
US-1185327-A skipped: too many tokens after merge
US-2005120134-A1 skipped: too many tokens after merge
US-7490603-B2 skipped: too many tokens after merge
US-8737649-B2 skipped: too many tokens after merge
US-11531351-B2 skipped: too many tokens after merge
US-2011211437-A1 skipped: too many tokens after merge
US-1468625-A skipped: too many tokens after merge
US-5856913-A skipped: too many tokens after merge
US-2014289454-A1 skipped: too many tokens after merge
US-2006172298-A1 skipped: too many tokens after merge
US-9288573-B2 skipped: too many tokens after merge
US-2007185771-A1 skipped: too many tokens after merge
US-2967960-A skipped: too many tokens after merge
US-400474-A skipped: too many tokens after merge
US-1010934-A skipped: too many tokens after merge
US-2013150488-A1 skipped: too many tokens after merge
US-9527104-B2 skipped: too many tokens after merge
US-5643041-A skipped: too many tokens after merge
US-693324-A skipped: too many tokens after merge
US-2022125345-A1 skipped: too many tokens after merge
US-9133721-B2 skipped: too many tokens after merge
US-2004076795-A1 skipped: too many tokens after merge
US-7550381-B2 skipped: too many tokens after merge
US-2012072477-A1 skipped: too many tokens after merge
US-2013145794-A1 skipped: too many tokens after merge
US-5526413-A skipped: too many tokens after merge
US-1266904-A skipped: too many tokens after merge
US-8824551-B2 skipped: too many tokens after merge
US-7263599-B2 skipped: too many tokens after merge
US-2004209746-A1 skipped: too many tokens after merge
US-3085899-A skipped: too many tokens after merge
US-805274-A skipped: too many tokens after merge
US-1782028-A skipped: too many tokens after merge
US-7999690-B1 skipped: too many tokens after merge
US-2011224933-A1 skipped: too many tokens after merge
US-4298984-A skipped: too many tokens after merge
US-3838514-A skipped: too many tokens after merge
US-2009012674-A1 skipped: too many tokens after merge
US-8716224-B2 skipped: too many tokens after merge
US-10324708-B2 skipped: too many tokens after merge
US-11233964-B2 skipped: too many tokens after merge
US-5821409-A skipped: too many tokens after merge
US-2017243721-A1 skipped: too many tokens after merge
US-3378129-A skipped: too many tokens after merge
US-2010284454-A1 skipped: too many tokens after merge
US-357956-A skipped: too many tokens after merge
US-10527452-B2 skipped: too many tokens after merge
US-6837025-B2 skipped: too many tokens after merge
US-9232352-B2 skipped: too many tokens after merge
US-2020158534-A1 skipped: too many tokens after merge
US-415887-A skipped: too many tokens after merge
US-5720112-A skipped: too many tokens after merge
US-10675663-B2 skipped: too many tokens after merge
US-5533000-A skipped: too many tokens after merge
US-2010286190-A1 skipped: too many tokens after merge
US-10228-A skipped: too many tokens after merge
US-2018249807-A1 skipped: too many tokens after merge
US-2022258137-A1 skipped: too many tokens after merge
US-30901-A skipped: too many tokens after merge
US-2012262406-A1 skipped: too many tokens after merge
US-1648421-A skipped: too many tokens after merge
US-6089980-A skipped: too many tokens after merge
US-2023133002-A1 skipped: too many tokens after merge
US-7271992-B2 skipped: too many tokens after merge
US-2008024080-A1 skipped: too many tokens after merge
US-6636749-B2 skipped: too many tokens after merge
US-8988872-B2 skipped: too many tokens after merge
US-D822962-S skipped: too many tokens after merge
US-5920457-A skipped: too many tokens after merge
US-6579616-B1 skipped: too many tokens after merge
US-2016246803-A1 skipped: too many tokens after merge
US-7124693-B2 skipped: too many tokens after merge
US-736724-A skipped: too many tokens after merge
US-3425029-A skipped: too many tokens after merge
US-9170773-B2 skipped: too many tokens after merge
US-2546005-A skipped: too many tokens after merge
US-2022298564-A1 skipped: too many tokens after merge
US-1344907-A skipped: too many tokens after merge
US-2013282339-A1 skipped: too many tokens after merge
US-8515073-B2 skipped: too many tokens after merge
US-131565-A skipped: too many tokens after merge
US-2008303697-A1 skipped: too many tokens after merge
US-2009052854-A1 skipped: too many tokens after merge
US-4852473-A skipped: too many tokens after merge
US-1120100-A skipped: too many tokens after merge
US-2006205014-A1 skipped: too many tokens after merge
US-D832571-S skipped: too many tokens after merge
US-2001041840-A1 skipped: too many tokens after merge
US-4231040-A skipped: too many tokens after merge
US-2006085037-A1 skipped: too many tokens after merge
US-2021159373-A1 skipped: too many tokens after merge
US-9029458-B2 skipped: too many tokens after merge
US-2018195453-A1 skipped: too many tokens after merge
US-2005216843-A1 skipped: too many tokens after merge
US-1395328-A skipped: too many tokens after merge
US-5581095-A skipped: too many tokens after merge
US-11363027-B2 skipped: too many tokens after merge
US-2731238-A skipped: too many tokens after merge
US-11139124-B2 skipped: too many tokens after merge
US-11080800-B2 skipped: too many tokens after merge
US-8913843-B2 skipped: too many tokens after merge
US-3066708-A skipped: too many tokens after merge
US-2013090039-A1 skipped: too many tokens after merge
US-2013024964-A1 skipped: too many tokens after merge
US-11153100-B2 skipped: too many tokens after merge
US-1154904-A skipped: too many tokens after merge
US-6482086-B1 skipped: too many tokens after merge
US-3271960-A skipped: too many tokens after merge
US-2020372852-A1 skipped: too many tokens after merge
US-2011301263-A1 skipped: too many tokens after merge
US-7820411-B2 skipped: too many tokens after merge
US-2020024317-A1 skipped: too many tokens after merge
US-8547933-B2 skipped: too many tokens after merge
US-11484456-B2 skipped: too many tokens after merge
US-2750728-A skipped: too many tokens after merge
US-D761634-S skipped: too many tokens after merge
US-2404754-A skipped: too many tokens after merge
US-5130302-A skipped: too many tokens after merge
US-5742771-A skipped: too many tokens after merge
US-2020096428-A1 skipped: too many tokens after merge
US-9466639-B2 skipped: too many tokens after merge
US-2015225298-A1 skipped: too many tokens after merge
US-2005028750-A1 skipped: too many tokens after merge
US-11114046-B2 skipped: too many tokens after merge
Prepared 584 subsamples from 1000 requested
